2026-03-26 23:31:42,392 | SAME_GENERATED | header=ZCZC-WXR-TXP-065100-065612-065532-065500+0010-0860531-XLF323  - | tone=EGG_TIMER | attn=8.0s | audio=none | duration=20.14s | sr=16000
2026-03-26 23:37:34,942 | SAME_GENERATED | header=ZCZC-WXR-TXP-065100-065612-065532-065500+0010-0860537-XLF323  - | tone=EGG_TIMER | attn=8.0s | audio=none | duration=20.14s | sr=16000
2026-03-27 20:45:58,224 | SAME_GENERATED | header=ZCZC-WXR-TXP-065100-065612-065532-065500+0010-0870245-XLF323  - | tone=EGG_TIMER | attn=8.0s | audio=none | duration=20.14s | sr=16000
2026-03-27 20:47:37,086 | SAME_GENERATED | header=ZCZC-WXR-TXP-065100-065612-065532-065500+0010-0870247-XLF323  - | tone=EGG_TIMER | attn=8.0s | audio=none | duration=20.14s | sr=16000
2026-03-27 20:47:48,970 | SAME_GENERATED | header=ZCZC-WXR-TXP-065100-065612-065532-065500+0010-0870247-XLF323  - | tone=EGG_TIMER | attn=8.0s | audio=none | duration=20.07s | sr=11025
2026-03-27 20:53:20,485 | SAME_GENERATED | header=ZCZC-WXR-TXP-065100-065612-065532-065500+0010-0870253-XLF323  - | tone=EGG_TIMER | attn=8.0s | audio=none | duration=20.00s | sr=8000
2026-03-27 20:54:51,975 | SAME_GENERATED | header=ZCZC-WXR-TXP-065100-065612-065532-065500+0010-0870254-XLF323  - | tone=EGG_TIMER | attn=8.0s | audio=none | duration=20.00s | sr=8000
2026-03-27 20:56:13,904 | SAME_GENERATED | header=ZCZC-WXR-TXP-065100-065612-065532-065500+0010-0870256-XLF323  - | tone=EGG_TIMER | attn=8.0s | audio=none | duration=20.00s | sr=8000
2026-03-27 20:57:27,128 | SAME_GENERATED | header=ZCZC-WXR-TXP-065100-065612-065532-065500+0010-0870257-XLF323  - | tone=EGG_TIMER | attn=8.0s | audio=none | duration=20.00s | sr=8000
2026-03-27 21:26:48,958 | SAME_GENERATED | header=ZCZC-WXR-TXP-065100-065612-065532-065500+0010-0870326-XLF323  - | tone=EGG_TIMER | attn=8.0s | audio=none | duration=20.07s | sr=22050
2026-03-27 21:27:28,255 | SAME_GENERATED | header=ZCZC-WXR-TXP-065100-065612-065532-065500+0010-0870327-XLF323  - | tone=EGG_TIMER | attn=8.0s | audio=none | duration=20.07s | sr=22050
2026-03-27 21:36:29,950 | SAME_GENERATED | header=ZCZC-WXR-TXP-065100-065612-065532-065500+0010-0870336-XLF323  - | tone=EGG_TIMER | attn=8.0s | audio=none | duration=20.07s | sr=22050
2026-03-27 21:38:53,875 | SAME_GENERATED | header=ZCZC-WXR-TXP-065100-065612-065532-065500+0010-0870338-XLF323  - | tone=EGG_TIMER | attn=8.0s | audio=none | duration=20.07s | sr=22050
2026-03-27 21:45:44,121 | SAME_GENERATED | header=ZCZC-WXR-TXP-065100-065612-065532-065500+0010-0870345-XLF323  - | tone=EGG_TIMER | attn=8.0s | audio=none | duration=20.07s | sr=22050
2026-03-27 21:48:07,779 | SAME_GENERATED | header=ZCZC-WXR-TXP-065100-065612-065532-065500+0010-0870348-XLF323  - | tone=EGG_TIMER | attn=8.0s | audio=none | duration=20.07s | sr=22050
2026-03-27 22:24:01,531 | SAME_GENERATED | header=ZCZC-WXR-TXP-065100-065612-065532-065500+0010-0870424-XLF323  - | tone=EGG_TIMER | attn=8.0s | audio=none | duration=20.07s | sr=22050
2026-03-27 22:25:10,983 | SAME_GENERATED | header=ZCZC-WXR-TXP-065100-065612-065532-065500+0010-0870425-XLF323  - | tone=EGG_TIMER | attn=8.0s | audio=none | duration=20.07s | sr=22050
2026-03-27 22:28:17,910 | SAME_GENERATED | header=ZCZC-WXR-TXP-065100-065612-065532-065500+0010-0870428-XLF323  - | tone=EGG_TIMER | attn=8.0s | audio=none | duration=20.07s | sr=22050
2026-03-27 22:29:23,346 | SAME_GENERATED | header=ZCZC-WXR-DMO-065100+0100-0870429-SSPWXR  - | tone=WXR | attn=8.0s | audio=none | duration=19.11s | sr=22050
2026-03-27 22:30:32,909 | SAME_GENERATED | header=ZCZC-WXR-DMO-065100+0100-0870430-SSPWXR  - | tone=WXR | attn=8.0s | audio=output/sk-saskatoon/en-CA/manual_same.wav | duration=26.34s | sr=22050
2026-03-27 22:31:22,020 | SAME_GENERATED | header=ZCZC-WXR-ADR-065100+0100-0870431-SSPWXR  - | tone=WXR | attn=8.0s | audio=output/sk-saskatoon/en-CA/manual_same.wav | duration=21.80s | sr=22050
2026-03-27 22:33:22,855 | SAME_GENERATED | header=ZCZC-WXR-TOE-065100+0100-0870433-SSPWXR  - | tone=EGG_TIMER | attn=8.0s | audio=none | duration=19.11s | sr=22050
2026-03-27 22:33:30,696 | SAME_GENERATED | header=ZCZC-WXR-FSW-065100+0100-0870433-SSPWXR  - | tone=EGG_TIMER | attn=8.0s | audio=none | duration=19.11s | sr=22050
2026-03-27 22:34:38,798 | SAME_GENERATED | header=ZCZC-WXR-DMO-065100+0100-0870434-BTTRADIO- | tone=WXR | attn=8.0s | audio=output/sk-saskatoon/en-CA/manual_same.wav | duration=21.15s | sr=22050
2026-03-27 22:36:12,444 | SAME_GENERATED | header=ZCZC-WXR-DMO-065100+0100-0870436-BTTRADIO- | tone=WXR | attn=8.0s | audio=output/sk-saskatoon/en-CA/manual_same.wav | duration=31.05s | sr=22050
2026-03-27 22:37:14,927 | SAME_GENERATED | header=ZCZC-WXR-DMO-065100+0100-0870437-BTTRADIO- | tone=WXR | attn=8.0s | audio=output/sk-saskatoon/en-CA/manual_same.wav | duration=21.57s | sr=22050
2026-03-27 22:37:42,945 | SAME_GENERATED | header=ZCZC-WXR-DMO-065100+0100-0870437-BTTRADIO- | tone=WXR | attn=8.0s | audio=output/sk-saskatoon/en-CA/manual_same.wav | duration=38.86s | sr=22050
2026-03-27 22:39:21,140 | SAME_GENERATED | header=ZCZC-WXR-DMO-065100-065000-066000-000000000000000000000000000000+0100-0870439-BTTRADIO- | tone=WXR | attn=8.0s | audio=output/sk-saskatoon/en-CA/manual_same.wav | duration=40.80s | sr=22050
2026-03-27 22:39:41,114 | SAME_GENERATED | header=ZCZC-WXR-DMO-065100-065000-066000+0100-0870439-BTTRADIO- | tone=WXR | attn=8.0s | audio=none | duration=19.75s | sr=22050
2026-03-27 23:28:21,151 | SAME_GENERATED | header=ZCZC-WXR-TXP-065100-065612-065532-065500+0010-0870528-XLF323  - | tone=EGG_TIMER | attn=8.0s | audio=none | duration=20.07s | sr=22050
2026-03-27 23:29:56,517 | SAME_GENERATED | header=ZCZC-WXR-DMO-065100+0100-0870529-BTTRADIO- | tone=WXR | attn=8.0s | audio=/home/rai/Documents/dev/haze-weather-radio/output/_uploads/962705f95d81d7eb3937.wav | duration=34.27s | sr=22050
2026-03-27 23:30:53,068 | SAME_GENERATED | header=ZCZC-WXR-DMO-065100+0100-0870530-BTTRADIO- | tone=WXR | attn=8.0s | audio=/home/rai/Documents/dev/haze-weather-radio/output/_uploads/cdf3e60859c1695827f4.wav | duration=25.98s | sr=22050
2026-03-27 23:31:42,253 | SAME_GENERATED | header=ZCZC-WXR-DMO-065100+0100-0870531-BTTRADIO- | tone=WXR | attn=8.0s | audio=/home/rai/Documents/dev/haze-weather-radio/output/_uploads/056b025b912f21a96971.wav | duration=41.13s | sr=22050
2026-03-27 23:33:05,142 | SAME_GENERATED | header=ZCZC-WXR-DMO-000000+0100-0870533-BTTRADIO- | tone=WXR | attn=8.0s | audio=/home/rai/Documents/dev/haze-weather-radio/output/_uploads/762b2d693ce4483bb609.wav | duration=35.97s | sr=22050
2026-03-27 23:34:05,075 | SAME_GENERATED | header=ZCZC-WXR-DMO-000000+0100-0870534-BTTRADIO- | tone=WXR | attn=8.0s | audio=/home/rai/Documents/dev/haze-weather-radio/output/_uploads/dd6c7345552956b42530.wav | duration=36.17s | sr=22050
2026-03-28 02:14:30,675 | SAME_GENERATED | header=ZCZC-WXR-TXP-065100-065612-065532-065500+0010-0870814-XLF323  - | tone=EGG_TIMER | attn=8.0s | audio=none | duration=20.07s | sr=22050
2026-03-28 02:17:35,293 | SAME_GENERATED | header=ZCZC-WXR-TXP-065100-065612-065532-065500+0010-0870817-XLF323  - | tone=EGG_TIMER | attn=8.0s | audio=none | duration=20.07s | sr=22050
2026-03-28 02:23:17,747 | SAME_GENERATED | header=ZCZC-WXR-ADR-065100-065612-065532-065500+0005-0870823-BTTRADIO- | tone=WXR | attn=8.0s | audio=/home/rai/Documents/dev/haze-weather-radio/output/_uploads/59dadfd0d237d3a28b43.wav | duration=39.36s | sr=22050
2026-03-28 02:31:03,839 | SAME_GENERATED | header=ZCZC-WXR-DMO-065100-065612-065532-065500+0100-0870831-BTTRADIO- | tone=None | attn=8.0s | audio=output/sk-saskatoon/en-CA/manual_same.wav | duration=12.83s | sr=22050
2026-03-28 11:10:47,379 | SAME_GENERATED | header=ZCZC-WXR-TXP-065100-065612-065532-065500+0010-0871710-XLF323  - | tone=EGG_TIMER | attn=8.0s | audio=none | duration=20.07s | sr=22050
2026-03-28 11:29:57,613 | SAME_GENERATED | header=ZCZC-WXR-TXP-065100-065612-065532-065500+0010-0871729-XLF323  - | tone=EGG_TIMER | attn=8.0s | audio=none | duration=20.07s | sr=22050
2026-03-28 12:08:10,233 | SAME_GENERATED | header=ZCZC-WXR-TXP-0655*-06561*-065532-065500+0010-0871808-XLF323  - | tone=EGG_TIMER | attn=8.0s | audio=none | duration=20.02s | sr=22050
2026-03-28 12:09:50,301 | SAME_GENERATED | header=ZCZC-WXR-TXP-065500-065511-065512-065513-065514-065515-065516-065521-065522-065523-065524-065531-065532-065533-065534-065541-065542-065543-065611-065612-065613-065614+0010-0871809-XLF323  - | tone=EGG_TIMER | attn=8.0s | audio=none | duration=25.83s | sr=22050
2026-03-28 12:19:44,463 | SAME_GENERATED | header=ZCZC-EAS-CEM-065500-065511-065512-065513-065514-065515-065516-065521-065522-065523-065524-065531-065532-065533-065534-065541-065542-065543-065611-065612-065613-065614+1600-0871819-BTTRADIO- | tone=WXR | attn=8.0s | audio=output/sk-saskatoon/en-CA/alert_urn:oid:2.49.0.1.124.2078879086.2026.wav | duration=64.87s | sr=22050
2026-03-28 12:24:12,462 | SAME_GENERATED | header=ZCZC-EAS-CEM-065500-065511-065512-065513-065514-065515-065516-065521-065522-065523-065524-065531-065532-065533-065534-065541-065542-065543-065611-065612-065613-065614+1556-0871823-BTTRADIO- | tone=WXR | attn=8.0s | audio=output/sk-saskatoon/en-CA/alert_urn:oid:2.49.0.1.124.1018838189.2026.wav | duration=85.44s | sr=22050
2026-03-28 12:42:20,667 | SAME_GENERATED | header=ZCZC-WXR-TXP-065100-065611-065612-065613-065614-065532-065500-065511-065512-065513-065514-065515-065516-065521-065522-065523-065524-065531-065533-065534-065541-065542-065543+0010-0871842-XLF323  - | tone=EGG_TIMER | attn=8.0s | audio=none | duration=26.15s | sr=22050
2026-03-28 12:46:43,037 | SAME_GENERATED | header=ZCZC-WXR-TXP-065100-065531-065532-065533-065534-065521-065522-065523-065524+0010-0871846-XLF323  - | tone=EGG_TIMER | attn=8.0s | audio=none | duration=21.67s | sr=22050
2026-03-28 13:05:20,758 | SAME_GENERATED | header=ZCZC-WXR-TXP-065100-065531-065532-065533-065534-065521-065522-065523-065524+0010-0871905-XLF323  - | tone=EGG_TIMER | attn=8.0s | audio=none | duration=21.67s | sr=22050
2026-03-28 13:06:14,736 | SAME_GENERATED | header=ZCZC-EAS-RWT-065100-065531-065532-065533-065534-065521-065522-065523-065524+0015-0871906-BTTRADIO- | tone=WXR | attn=8.0s | audio=output/sk-saskatoon/sametest_RWT_combined.wav | duration=114.02s | sr=22050
2026-03-28 13:23:21,400 | SAME_GENERATED | header=ZCZC-WXR-TXP-065100-065531-065532-065533-065534-065521-065522-065523-065524+0010-0871923-XLF323  - | tone=EGG_TIMER | attn=8.0s | audio=none | duration=21.67s | sr=22050
2026-03-28 13:24:00,760 | SAME_GENERATED | header=ZCZC-EAS-RWT-065100-065531-065532-065533-065534-065521-065522-065523-065524+0015-0871924-BTTRADIO- | tone=WXR | attn=8.0s | audio=none | duration=21.67s | sr=22050
2026-03-28 13:49:50,565 | SAME_GENERATED | header=ZCZC-WXR-TXP-065100-065531-065532-065533-065534-065521-065522-065523-065524+0010-0871949-XLF323  - | tone=EGG_TIMER | attn=8.0s | audio=none | duration=21.67s | sr=22050
2026-03-28 14:00:27,228 | SAME_GENERATED | header=ZCZC-WXR-TXP-065100-065531-065532-065533-065534-065521-065522-065523-065524+0010-0872000-XLF323  - | tone=EGG_TIMER | attn=8.0s | audio=none | duration=21.67s | sr=22050
2026-03-28 14:03:27,414 | SAME_GENERATED | header=ZCZC-EAS-WSA-065100-065531-065532-065533-065534-065521-065522-065523-065524+1456-0872003-BTTRADIO- | tone=WXR | attn=8.0s | audio=output/sk-saskatoon/en-CA/alert_urn:oid:2.49.0.1.124.2694199429.2026.wav | duration=64.02s | sr=22050
2026-03-28 14:05:26,136 | SAME_GENERATED | header=ZCZC-EAS-WSA-065100-065531-065532-065533-065534-065521-065522-065523-065524+1455-0872004-BTTRADIO- | tone=WXR | attn=8.0s | audio=output/sk-saskatoon/en-CA/alert_urn:oid:2.49.0.1.124.4277479982.2026.wav | duration=92.06s | sr=22050
2026-03-28 14:10:05,220 | SAME_GENERATED | header=ZCZC-EAS-WSA-065100-065531-065532-065533-065534-065521-065522-065523-065524+1449-0872009-BTTRADIO- | tone=WXR | attn=8.0s | audio=output/sk-saskatoon/en-CA/alert_urn:oid:2.49.0.1.124.2289681558.2026.wav | duration=83.30s | sr=22050
2026-03-28 14:14:41,452 | SAME_GENERATED | header=ZCZC-EAS-WSA-065100-065531-065532-065533-065534-065521-065522-065523-065524+1445-0872014-BTTRADIO- | tone=WXR | attn=8.0s | audio=output/sk-saskatoon/en-CA/alert_urn:oid:2.49.0.1.124.1458855557.2026.wav | duration=111.95s | sr=22050
2026-03-28 14:22:39,178 | SAME_GENERATED | header=ZCZC-WXR-TXP-065100-065531-065532-065533-065534-065521-065522-065523-065524+0010-0872022-XLF323  - | tone=EGG_TIMER | attn=8.0s | audio=none | duration=21.67s | sr=22050
2026-03-28 14:26:46,664 | SAME_GENERATED | header=ZCZC-WXR-TXP-065100-065531-065532-065533-065534-065521-065522-065523-065524+0010-0872026-XLF323  - | tone=EGG_TIMER | attn=8.0s | audio=none | duration=21.67s | sr=22050
2026-03-28 14:31:19,470 | SAME_GENERATED | header=ZCZC-WXR-TXP-065100-065531-065532-065533-065534-065521-065522-065523-065524+0010-0872031-XLF323  - | tone=EGG_TIMER | attn=8.0s | audio=none | duration=21.67s | sr=22050
2026-03-28 14:41:07,892 | SAME_GENERATED | header=ZCZC-WXR-TXP-065100-065531-065532-065533-065534-065521-065522-065523-065524+0010-0872041-XLF323  - | tone=EGG_TIMER | attn=8.0s | audio=none | duration=21.67s | sr=22050
2026-03-28 14:48:18,534 | SAME_GENERATED | header=ZCZC-WXR-TXP-065100-065531-065532-065533-065534-065521-065522-065523-065524+0010-0872048-XLF323  - | tone=EGG_TIMER | attn=8.0s | audio=none | duration=21.67s | sr=22050
2026-03-28 15:02:52,079 | SAME_GENERATED | header=ZCZC-WXR-TXP-065100-065531-065532-065533-065534-065521-065522-065523-065524+0010-0872102-XLF323  - | tone=EGG_TIMER | attn=8.0s | audio=none | duration=21.67s | sr=22050
2026-03-28 15:09:55,080 | SAME_GENERATED | header=ZCZC-WXR-TXP-065100-065531-065532-065533-065534-065521-065522-065523-065524+0010-0872109-XLF323  - | tone=EGG_TIMER | attn=8.0s | audio=none | duration=21.67s | sr=22050
2026-03-28 15:12:50,853 | SAME_GENERATED | header=ZCZC-WXR-TXP-065100-065531-065532-065533-065534-065521-065522-065523-065524+0010-0872112-XLF323  - | tone=EGG_TIMER | attn=8.0s | audio=none | duration=21.67s | sr=22050
